2026-05-30 22:58:48.737 xcodebuild[20201:7493813] [MT] IDEDistribution: -[IDEDistributionLogging _createLoggingBundleAtPath:]: Created bundle at path "/var/folders/4f/yx5z7zjd3sn03px4qms8c3dw0000gn/T/Ezcar24Business_2026-05-30_22-58-48.736.xcdistributionlogs".
2026-05-30 22:59:07.521 xcodebuild[20201:7493813] Starting upload
2026-05-30 22:59:11.065 xcodebuild[20201:7493818] Progress 0%: Making copy of ‘Ezcar24Business.ipa’…
2026-05-30 22:59:11.065 xcodebuild[20201:7493818] Progress 0%: Making copy of ‘Ezcar24Business.ipa’…
2026-05-30 22:59:11.067 xcodebuild[20201:7493818] Progress 0%: Preparing to upload ‘Ezcar24Business.ipa’…
2026-05-30 22:59:20.308 xcodebuild[20201:7493936] Progress 0%: Analyzing package…
2026-05-30 22:59:22.108 xcodebuild[20201:7493936] Progress 0%: Sending analysis to App Store Connect…
2026-05-30 22:59:24.900 xcodebuild[20201:7493936] Progress 0%: Waiting for App Store Connect analysis response…
2026-05-30 22:59:27.672 xcodebuild[20201:7493936] Progress 0%: Waiting for App Store Connect analysis response…
2026-05-30 22:59:51.112 xcodebuild[20201:7497263] Progress 0%: Sending SPI analysis to App Store Connect…
2026-05-30 22:59:54.320 xcodebuild[20201:7497263] Progress 0%: Waiting for App Store Connect SPI analysis response…
2026-05-30 22:59:56.922 xcodebuild[20201:7497263] Progress 0%: Waiting for App Store Connect SPI analysis response…
2026-05-30 23:00:13.426 xcodebuild[20201:7497263] Progress 0%: Requesting upload instructions from App Store Connect…
2026-05-30 23:00:14.992 xcodebuild[20201:7497263] Progress 0%: Preparing file for upload to App Store Connect…
2026-05-30 23:00:14.999 xcodebuild[20201:7497263] Progress 0%: Preparing file for upload to App Store Connect…
2026-05-30 23:00:14.999 xcodebuild[20201:7497263] Progress 0%: Uploading to App Store Connect…
2026-05-30 23:00:15.035 xcodebuild[20201:7497263] Progress 23%: Uploading to App Store Connect…
2026-05-30 23:00:15.035 xcodebuild[20201:7497263] Progress 23%: Uploading to App Store Connect…
2026-05-30 23:00:15.553 xcodebuild[20201:7497263] Progress 50%: Uploading to App Store Connect…
2026-05-30 23:00:15.553 xcodebuild[20201:7497263] Progress 50%: Uploading to App Store Connect…
2026-05-30 23:00:16.417 xcodebuild[20201:7497263] Progress 77%: Uploading to App Store Connect…
2026-05-30 23:00:16.417 xcodebuild[20201:7497263] Progress 77%: Uploading to App Store Connect…
2026-05-30 23:00:17.064 xcodebuild[20201:7497263] Progress 100%: Uploading to App Store Connect…
2026-05-30 23:00:17.065 xcodebuild[20201:7497263] Progress 100%: Uploading to App Store Connect…
2026-05-30 23:00:18.181 xcodebuild[20201:7497263] Progress 100%: Completing upload…
2026-05-30 23:00:20.106 xcodebuild[20201:7497263] Progress 100%: Waiting for package to begin processing…
2026-05-30 23:00:20.510 xcodebuild[20201:7497263] Progress 100%: Uploaded package is processing.
2026-05-30 23:00:20.512 xcodebuild[20201:7497263] Progress 100%: Upload succeeded.
warning: exportArchive Upload Symbols Failed. The archive did not include a dSYM for the FirebaseAnalytics.framework with the UUIDs [8372F0F1-4AA3-3F51-9DFD-0E171286E838]. Ensure that the archive's dSYM folder includes a DWARF file for FirebaseAnalytics.framework with the expected UUIDs.

warning: exportArchive Upload Symbols Failed. The archive did not include a dSYM for the GoogleAdsOnDeviceConversion.framework with the UUIDs [0807418D-86A3-32C0-BD47-8270F5C81D0F]. Ensure that the archive's dSYM folder includes a DWARF file for GoogleAdsOnDeviceConversion.framework with the expected UUIDs.

warning: exportArchive Upload Symbols Failed. The archive did not include a dSYM for the GoogleAppMeasurement.framework with the UUIDs [80A138CF-8051-3B09-9F9C-63E25F0ABB6C]. Ensure that the archive's dSYM folder includes a DWARF file for GoogleAppMeasurement.framework with the expected UUIDs.

warning: exportArchive Upload Symbols Failed. The archive did not include a dSYM for the GoogleAppMeasurementIdentitySupport.framework with the UUIDs [3F28999A-72EF-3814-BA47-D1CF2AA8ABDC]. Ensure that the archive's dSYM folder includes a DWARF file for GoogleAppMeasurementIdentitySupport.framework with the expected UUIDs.

Uploaded Ezcar24Business
** EXPORT SUCCEEDED **

