2026-05-30 22:34:17.296 xcodebuild[91714:7411405] [MT] IDEDistribution: -[IDEDistributionLogging _createLoggingBundleAtPath:]: Created bundle at path "/var/folders/4f/yx5z7zjd3sn03px4qms8c3dw0000gn/T/Ezcar24Business_2026-05-30_22-34-17.295.xcdistributionlogs".
2026-05-30 22:34:36.698 xcodebuild[91714:7411405] Starting upload
2026-05-30 22:34:40.480 xcodebuild[91714:7411566] Progress 0%: Making copy of ‘Ezcar24Business.ipa’…
2026-05-30 22:34:40.480 xcodebuild[91714:7411566] Progress 0%: Making copy of ‘Ezcar24Business.ipa’…
2026-05-30 22:34:40.482 xcodebuild[91714:7411566] Progress 0%: Preparing to upload ‘Ezcar24Business.ipa’…
2026-05-30 22:34:49.868 xcodebuild[91714:7411543] Progress 0%: Analyzing package…
2026-05-30 22:34:51.613 xcodebuild[91714:7411566] Progress 0%: Sending analysis to App Store Connect…
2026-05-30 22:34:54.816 xcodebuild[91714:7411566] Progress 0%: Waiting for App Store Connect analysis response…
2026-05-30 22:34:57.383 xcodebuild[91714:7411566] Progress 0%: Waiting for App Store Connect analysis response…
2026-05-30 22:35:20.959 xcodebuild[91714:7411566] Progress 0%: Sending SPI analysis to App Store Connect…
2026-05-30 22:35:23.784 xcodebuild[91714:7411566] Progress 0%: Waiting for App Store Connect SPI analysis response…
2026-05-30 22:35:26.515 xcodebuild[91714:7411566] Progress 0%: Waiting for App Store Connect SPI analysis response…
2026-05-30 22:35:48.420 xcodebuild[91714:7411566] Progress 0%: Requesting upload instructions from App Store Connect…
2026-05-30 22:35:50.095 xcodebuild[91714:7411566] Progress 0%: Preparing file for upload to App Store Connect…
2026-05-30 22:35:50.101 xcodebuild[91714:7411566] Progress 0%: Preparing file for upload to App Store Connect…
2026-05-30 22:35:50.102 xcodebuild[91714:7411566] Progress 0%: Uploading to App Store Connect…
2026-05-30 22:35:50.223 xcodebuild[91714:7411566] Progress 18%: Uploading to App Store Connect…
2026-05-30 22:35:50.224 xcodebuild[91714:7411566] Progress 18%: Uploading to App Store Connect…
2026-05-30 22:35:50.820 xcodebuild[91714:7411566] Progress 68%: Uploading to App Store Connect…
2026-05-30 22:35:50.820 xcodebuild[91714:7411566] Progress 68%: Uploading to App Store Connect…
2026-05-30 22:35:51.529 xcodebuild[91714:7411566] Progress 77%: Uploading to App Store Connect…
2026-05-30 22:35:51.529 xcodebuild[91714:7411566] Progress 77%: Uploading to App Store Connect…
2026-05-30 22:35:52.190 xcodebuild[91714:7411566] Progress 100%: Uploading to App Store Connect…
2026-05-30 22:35:52.190 xcodebuild[91714:7411566] Progress 100%: Uploading to App Store Connect…
2026-05-30 22:35:52.935 xcodebuild[91714:7411566] Progress 100%: Completing upload…
2026-05-30 22:35:54.921 xcodebuild[91714:7415886] Progress 100%: Waiting for package to begin processing…
2026-05-30 22:35:55.353 xcodebuild[91714:7415886] Progress 100%: Uploaded package is processing.
2026-05-30 22:35:55.357 xcodebuild[91714:7415886] Progress 100%: Upload succeeded.
warning: exportArchive Upload Symbols Failed. The archive did not include a dSYM for the FirebaseAnalytics.framework with the UUIDs [2E7CA06D-0C72-3F03-ACDC-B99F2AF2D2DC]. Ensure that the archive's dSYM folder includes a DWARF file for FirebaseAnalytics.framework with the expected UUIDs.

warning: exportArchive Upload Symbols Failed. The archive did not include a dSYM for the GoogleAdsOnDeviceConversion.framework with the UUIDs [F287AD5F-6A5E-3D3C-80C0-822205939406]. Ensure that the archive's dSYM folder includes a DWARF file for GoogleAdsOnDeviceConversion.framework with the expected UUIDs.

warning: exportArchive Upload Symbols Failed. The archive did not include a dSYM for the GoogleAppMeasurement.framework with the UUIDs [51356F14-5604-36EA-BECF-F6D0CEAF67ED]. Ensure that the archive's dSYM folder includes a DWARF file for GoogleAppMeasurement.framework with the expected UUIDs.

warning: exportArchive Upload Symbols Failed. The archive did not include a dSYM for the GoogleAppMeasurementIdentitySupport.framework with the UUIDs [50324611-F338-35B0-B087-12E2618A0022]. Ensure that the archive's dSYM folder includes a DWARF file for GoogleAppMeasurementIdentitySupport.framework with the expected UUIDs.

Uploaded Ezcar24Business
** EXPORT SUCCEEDED **

