2026-05-30 23:14:15.476 xcodebuild[42379:7560970] [MT] IDEDistribution: -[IDEDistributionLogging _createLoggingBundleAtPath:]: Created bundle at path "/var/folders/4f/yx5z7zjd3sn03px4qms8c3dw0000gn/T/Ezcar24Business_2026-05-30_23-14-15.476.xcdistributionlogs".
2026-05-30 23:14:34.106 xcodebuild[42379:7560970] Starting upload
2026-05-30 23:14:37.631 xcodebuild[42379:7561716] Progress 0%: Making copy of ‘Ezcar24Business.ipa’…
2026-05-30 23:14:37.631 xcodebuild[42379:7561716] Progress 0%: Making copy of ‘Ezcar24Business.ipa’…
2026-05-30 23:14:37.633 xcodebuild[42379:7561716] Progress 0%: Preparing to upload ‘Ezcar24Business.ipa’…
2026-05-30 23:14:46.887 xcodebuild[42379:7560991] Progress 0%: Analyzing package…
2026-05-30 23:14:48.701 xcodebuild[42379:7560991] Progress 0%: Sending analysis to App Store Connect…
2026-05-30 23:14:51.414 xcodebuild[42379:7560991] Progress 0%: Waiting for App Store Connect analysis response…
2026-05-30 23:14:54.107 xcodebuild[42379:7560991] Progress 0%: Waiting for App Store Connect analysis response…
2026-05-30 23:15:12.264 xcodebuild[42379:7560991] Progress 0%: Sending SPI analysis to App Store Connect…
2026-05-30 23:15:15.345 xcodebuild[42379:7560991] Progress 0%: Waiting for App Store Connect SPI analysis response…
2026-05-30 23:15:18.039 xcodebuild[42379:7564131] Progress 0%: Waiting for App Store Connect SPI analysis response…
2026-05-30 23:15:34.616 xcodebuild[42379:7564131] Progress 0%: Requesting upload instructions from App Store Connect…
2026-05-30 23:15:36.257 xcodebuild[42379:7564131] Progress 0%: Preparing file for upload to App Store Connect…
2026-05-30 23:15:36.264 xcodebuild[42379:7564131] Progress 0%: Preparing file for upload to App Store Connect…
2026-05-30 23:15:36.265 xcodebuild[42379:7564131] Progress 0%: Uploading to App Store Connect…
2026-05-30 23:15:36.288 xcodebuild[42379:7564131] Progress 9%: Uploading to App Store Connect…
2026-05-30 23:15:36.289 xcodebuild[42379:7564131] Progress 9%: Uploading to App Store Connect…
2026-05-30 23:15:36.811 xcodebuild[42379:7564131] Progress 36%: Uploading to App Store Connect…
2026-05-30 23:15:36.811 xcodebuild[42379:7564131] Progress 36%: Uploading to App Store Connect…
2026-05-30 23:15:37.693 xcodebuild[42379:7564131] Progress 63%: Uploading to App Store Connect…
2026-05-30 23:15:37.693 xcodebuild[42379:7564131] Progress 63%: Uploading to App Store Connect…
2026-05-30 23:15:38.519 xcodebuild[42379:7564131] Progress 100%: Uploading to App Store Connect…
2026-05-30 23:15:38.519 xcodebuild[42379:7564131] Progress 100%: Uploading to App Store Connect…
2026-05-30 23:15:39.497 xcodebuild[42379:7564131] Progress 100%: Completing upload…
2026-05-30 23:15:41.743 xcodebuild[42379:7564131] Progress 100%: Waiting for package to begin processing…
2026-05-30 23:15:42.198 xcodebuild[42379:7564131] Progress 100%: Uploaded package is processing.
2026-05-30 23:15:42.204 xcodebuild[42379:7564131] Progress 100%: Upload succeeded.
warning: exportArchive Upload Symbols Failed. The archive did not include a dSYM for the FirebaseAnalytics.framework with the UUIDs [820BC69A-8C59-34BF-893F-085394394BCB]. Ensure that the archive's dSYM folder includes a DWARF file for FirebaseAnalytics.framework with the expected UUIDs.

warning: exportArchive Upload Symbols Failed. The archive did not include a dSYM for the GoogleAdsOnDeviceConversion.framework with the UUIDs [B2F47825-3D84-3BDC-AE49-6E557A878E3A]. Ensure that the archive's dSYM folder includes a DWARF file for GoogleAdsOnDeviceConversion.framework with the expected UUIDs.

warning: exportArchive Upload Symbols Failed. The archive did not include a dSYM for the GoogleAppMeasurement.framework with the UUIDs [588C8B3E-F459-3743-BD08-09F83A135354]. Ensure that the archive's dSYM folder includes a DWARF file for GoogleAppMeasurement.framework with the expected UUIDs.

warning: exportArchive Upload Symbols Failed. The archive did not include a dSYM for the GoogleAppMeasurementIdentitySupport.framework with the UUIDs [2FFEBE5B-FCD4-34E9-B146-39783A7AA2E6]. Ensure that the archive's dSYM folder includes a DWARF file for GoogleAppMeasurementIdentitySupport.framework with the expected UUIDs.

Uploaded Ezcar24Business
** EXPORT SUCCEEDED **

